{"meta": {"version": "7.3.0", "timestamp": "2023-08-13T01:00:54.743103", "branch_coverage": false, "show_contexts": false}, "files": {"currency_exchange\\__init__.py": {"executed_lines": [1], "summary": {"covered_lines": 0, "num_statements": 0, "percent_covered": 100.0, "percent_covered_display": "100", "missing_lines": 0, "excluded_lines": 0}, "missing_lines": [], "excluded_lines": []}, "currency_exchange\\exchange.py": {"executed_lines": [1, 2, 5, 6, 8, 9, 10, 12, 13, 14, 15, 16, 18, 19], "summary": {"covered_lines": 14, "num_statements": 14, "percent_covered": 100.0, "percent_covered_display": "100", "missing_lines": 0, "excluded_lines": 0}, "missing_lines": [], "excluded_lines": []}, "currency_exchange\\exchange_service.py": {"executed_lines": [1, 2, 3, 5, 7, 9, 11, 13, 14, 18, 20], "summary": {"covered_lines": 11, "num_statements": 15, "percent_covered": 73.33333333333333, "percent_covered_display": "73", "missing_lines": 4, "excluded_lines": 0}, "missing_lines": [22, 23, 26, 27], "excluded_lines": []}, "tests\\__init__.py": {"executed_lines": [1], "summary": {"covered_lines": 0, "num_statements": 0, "percent_covered": 100.0, "percent_covered_display": "100", "missing_lines": 0, "excluded_lines": 0}, "missing_lines": [], "excluded_lines": []}, "tests\\test_exchange_service.py": {"executed_lines": [1, 2, 3, 9, 11, 12, 15, 17, 18, 21, 22, 23, 26, 27, 29, 30, 32, 34, 35, 37, 38, 40, 44, 45, 46, 48, 50, 51, 52, 55, 56, 57, 59, 61, 62, 63, 66, 67, 68, 70, 72, 73, 74], "summary": {"covered_lines": 43, "num_statements": 43, "percent_covered": 100.0, "percent_covered_display": "100", "missing_lines": 0, "excluded_lines": 0}, "missing_lines": [], "excluded_lines": []}}, "totals": {"covered_lines": 68, "num_statements": 72, "percent_covered": 94.44444444444444, "percent_covered_display": "94", "missing_lines": 4, "excluded_lines": 0}}